<?xml version="1.0" encoding="UTF-8"?>
<!-- Generated by org.testng.reporters.JUnitXMLReporter -->
<testsuite hostname="MBP.local" name="Surefire test" tests="10" failures="0" timestamp="13 Dec 2018 21:37:26 GMT" time="0.454" errors="0">
  <testcase name="test10 on test10(com.maven.calculator.calculator_Tong.CalculatorAdvancedOperationsTest)" time="0.073" classname="com.maven.calculator.calculator_Tong.CalculatorAdvancedOperationsTest"/>
  <testcase name="test on test(com.maven.calculator.calculator_Tong.CalculatorAdvancedOperationsTest)" time="0.035" classname="com.maven.calculator.calculator_Tong.CalculatorAdvancedOperationsTest"/>
  <testcase name="test2 on test2(com.maven.calculator.calculator_Tong.CalculatorAdvancedOperationsTest)" time="0.03" classname="com.maven.calculator.calculator_Tong.CalculatorAdvancedOperationsTest"/>
  <testcase name="test3 on test3(com.maven.calculator.calculator_Tong.CalculatorAdvancedOperationsTest)" time="0.036" classname="com.maven.calculator.calculator_Tong.CalculatorAdvancedOperationsTest"/>
  <testcase name="test4 on test4(com.maven.calculator.calculator_Tong.CalculatorAdvancedOperationsTest)" time="0.023" classname="com.maven.calculator.calculator_Tong.CalculatorAdvancedOperationsTest"/>
  <testcase name="test5 on test5(com.maven.calculator.calculator_Tong.CalculatorAdvancedOperationsTest)" time="0.035" classname="com.maven.calculator.calculator_Tong.CalculatorAdvancedOperationsTest"/>
  <testcase name="test1 on test1(com.maven.calculator.calculator_Tong.CalculatorBasicOperationsTest)" time="0.027" classname="com.maven.calculator.calculator_Tong.CalculatorBasicOperationsTest"/>
  <testcase name="test2 on test2(com.maven.calculator.calculator_Tong.CalculatorBasicOperationsTest)" time="0.026" classname="com.maven.calculator.calculator_Tong.CalculatorBasicOperationsTest"/>
  <testcase name="test3 on test3(com.maven.calculator.calculator_Tong.CalculatorBasicOperationsTest)" time="0.015" classname="com.maven.calculator.calculator_Tong.CalculatorBasicOperationsTest"/>
  <testcase name="test4 on test4(com.maven.calculator.calculator_Tong.CalculatorBasicOperationsTest)" time="0.018" classname="com.maven.calculator.calculator_Tong.CalculatorBasicOperationsTest"/>
</testsuite> <!-- Surefire test -->
