<?xml version="1.0" encoding="UTF-8"?>
<testng-results skipped="0" failed="0" total="10" passed="10">
  <reporter-output>
  </reporter-output>
  <suite name="Surefire suite" duration-ms="454" started-at="2018-12-13T21:37:25Z" finished-at="2018-12-13T21:37:26Z">
    <groups>
    </groups>
    <test name="Surefire test" duration-ms="454" started-at="2018-12-13T21:37:25Z" finished-at="2018-12-13T21:37:26Z">
      <class name="com.maven.calculator.calculator_Tong.CalculatorAdvancedOperationsTest">
        <test-method status="PASS" signature="test10()[pri:0, instance:test10(com.maven.calculator.calculator_Tong.CalculatorAdvancedOperationsTest)]" name="test10" duration-ms="73" started-at="2018-12-13T22:37:26Z" finished-at="2018-12-13T22:37:26Z">
          <reporter-output>
          </reporter-output>
        </test-method> <!-- test10 -->
        <test-method status="PASS" signature="test()[pri:0, instance:test(com.maven.calculator.calculator_Tong.CalculatorAdvancedOperationsTest)]" name="test" duration-ms="35" started-at="2018-12-13T22:37:26Z" finished-at="2018-12-13T22:37:26Z">
          <reporter-output>
          </reporter-output>
        </test-method> <!-- test -->
        <test-method status="PASS" signature="test2()[pri:0, instance:test2(com.maven.calculator.calculator_Tong.CalculatorAdvancedOperationsTest)]" name="test2" duration-ms="30" started-at="2018-12-13T22:37:26Z" finished-at="2018-12-13T22:37:26Z">
          <reporter-output>
          </reporter-output>
        </test-method> <!-- test2 -->
        <test-method status="PASS" signature="test3()[pri:0, instance:test3(com.maven.calculator.calculator_Tong.CalculatorAdvancedOperationsTest)]" name="test3" duration-ms="36" started-at="2018-12-13T22:37:26Z" finished-at="2018-12-13T22:37:26Z">
          <reporter-output>
          </reporter-output>
        </test-method> <!-- test3 -->
        <test-method status="PASS" signature="test4()[pri:0, instance:test4(com.maven.calculator.calculator_Tong.CalculatorAdvancedOperationsTest)]" name="test4" duration-ms="23" started-at="2018-12-13T22:37:26Z" finished-at="2018-12-13T22:37:26Z">
          <reporter-output>
          </reporter-output>
        </test-method> <!-- test4 -->
        <test-method status="PASS" signature="test5()[pri:0, instance:test5(com.maven.calculator.calculator_Tong.CalculatorAdvancedOperationsTest)]" name="test5" duration-ms="35" started-at="2018-12-13T22:37:26Z" finished-at="2018-12-13T22:37:26Z">
          <reporter-output>
          </reporter-output>
        </test-method> <!-- test5 -->
      </class> <!-- com.maven.calculator.calculator_Tong.CalculatorAdvancedOperationsTest -->
      <class name="com.maven.calculator.calculator_Tong.CalculatorBasicOperationsTest">
        <test-method status="PASS" signature="test1()[pri:0, instance:test1(com.maven.calculator.calculator_Tong.CalculatorBasicOperationsTest)]" name="test1" duration-ms="27" started-at="2018-12-13T22:37:26Z" finished-at="2018-12-13T22:37:26Z">
          <reporter-output>
          </reporter-output>
        </test-method> <!-- test1 -->
        <test-method status="PASS" signature="test2()[pri:0, instance:test2(com.maven.calculator.calculator_Tong.CalculatorBasicOperationsTest)]" name="test2" duration-ms="26" started-at="2018-12-13T22:37:26Z" finished-at="2018-12-13T22:37:26Z">
          <reporter-output>
          </reporter-output>
        </test-method> <!-- test2 -->
        <test-method status="PASS" signature="test3()[pri:0, instance:test3(com.maven.calculator.calculator_Tong.CalculatorBasicOperationsTest)]" name="test3" duration-ms="15" started-at="2018-12-13T22:37:26Z" finished-at="2018-12-13T22:37:26Z">
          <reporter-output>
          </reporter-output>
        </test-method> <!-- test3 -->
        <test-method status="PASS" signature="test4()[pri:0, instance:test4(com.maven.calculator.calculator_Tong.CalculatorBasicOperationsTest)]" name="test4" duration-ms="18" started-at="2018-12-13T22:37:26Z" finished-at="2018-12-13T22:37:26Z">
          <reporter-output>
          </reporter-output>
        </test-method> <!-- test4 -->
      </class> <!-- com.maven.calculator.calculator_Tong.CalculatorBasicOperationsTest -->
    </test> <!-- Surefire test -->
  </suite> <!-- Surefire suite -->
</testng-results>
